<?xml version="1.0" encoding="UTF-8" standalone="no"?>
<Agent>
    <Name>Iosif Emmanouilidis</Name>
    <AFM>171765698</AFM>
    <Receipts>
        <Receipt>
            <ReceiptID>169</ReceiptID>
            <Date>06/11/2023</Date>
            <Kind>Coats</Kind>
            <Sales>2650</Sales>
            <Items>60</Items>
            <Company>Zara</Company>
            <Country>Greece</Country>
            <City>Ioannina</City>
            <Street>Ch. Trikoupi</Street>
            <Number>28</Number>
        </Receipt>
    </Receipts>
</Agent>