<?xml version="1.0" encoding="UTF-8" standalone="no"?>
<Agent>
    <Name> Your Name </Name>
    <AFM> Your AFM </AFM>
    <Receipts>
        <Receipt>
            <ReceiptID> 13 </ReceiptID>
            <Date> 2023-11-08 </Date>
            <Kind> Coats </Kind>
            <Sales> 1500 </Sales>
            <Items> 5 </Items>
            <Company> Sample Clothing Store </Company>
            <Country> United States </Country>
            <City> New York </City>
            <Street> Broadway </Street>
            <Number> 123 </Number>
        </Receipt>
        <Receipt>
            <ReceiptID> 14 </ReceiptID>
            <Date> 2023-11-09 </Date>
            <Kind> Dresses </Kind>
            <Sales> 800 </Sales>
            <Items> 3 </Items>
            <Company> Fashion Boutique </Company>
            <Country> Canada </Country>
            <City> Toronto </City>
            <Street> Main Street </Street>
            <Number> 456 </Number>
        </Receipt>
        <Receipt>
            <ReceiptID> 15 </ReceiptID>
            <Date> 2023-11-10 </Date>
            <Kind> Sneakers </Kind>
            <Sales> 200 </Sales>
            <Items> 2 </Items>
            <Company> Sports Emporium </Company>
            <Country> United Kingdom </Country>
            <City> London </City>
            <Street> Oxford Street </Street>
            <Number> 789 </Number>
        </Receipt>
        <Receipt>
            <ReceiptID> 16 </ReceiptID>
            <Date> 2023-11-11 </Date>
            <Kind> Jackets </Kind>
            <Sales> 300 </Sales>
            <Items> 1 </Items>
            <Company> Outerwear Haven </Company>
            <Country> France </Country>
            <City> Paris </City>
            <Street> Champs-Elysées </Street>
            <Number> 101 </Number>
        </Receipt>
        <Receipt>
            <ReceiptID> 17 </ReceiptID>
            <Date> 2023-11-12 </Date>
            <Kind> Jeans </Kind>
            <Sales> 500 </Sales>
            <Items> 4 </Items>
            <Company> Denim Delight </Company>
            <Country> Italy </Country>
            <City> Milan </City>
            <Street> Via Montenapoleone </Street>
            <Number> 303 </Number>
        </Receipt>
        <Receipt>
            <ReceiptID> 18 </ReceiptID>
            <Date> 2023-11-13 </Date>
            <Kind> Handbags </Kind>
            <Sales> 1000 </Sales>
            <Items> 2 </Items>
            <Company> Luxury Boutique </Company>
            <Country> Spain </Country>
            <City> Barcelona </City>
            <Street> Passeig de Gràcia </Street>
            <Number> 555 </Number>
        </Receipt>
        <Receipt>
            <ReceiptID> 19 </ReceiptID>
            <Date> 2023-11-14 </Date>
            <Kind> Ties </Kind>
            <Sales> 150 </Sales>
            <Items> 7 </Items>
            <Company> Dapper Styles </Company>
            <Country> Germany </Country>
            <City> Berlin </City>
            <Street> Kurfürstendamm </Street>
            <Number> 777 </Number>
        </Receipt>
        <Receipt>
            <ReceiptID> 20 </ReceiptID>
            <Date> 2023-11-15 </Date>
            <Kind> Pajamas </Kind>
            <Sales> 300 </Sales>
            <Items> 2 </Items>
            <Company> Cozy Comforts </Company>
            <Country> Australia </Country>
            <City> Sydney </City>
            <Street> George Street </Street>
            <Number> 222 </Number>
        </Receipt>
    </Receipts>
</Agent>
