Receipt ID: 123
Date: 12/12/2012
Kind: SKIRT
Sales: 123.123
Items: 123
Company: Company
Country: Greece
City: Athens
Street: Kifisias
Number: 123
Receipt ID: 123
Date: 12/12/2012
Kind: SKIRT
Sales: 123.123
Items: 123
Company: Company
Country: Greece
City: Athens
Street: Kifisias
Number: 123
